app/build/intermediates/manifest_merge_blame_file/debug/manifest-merger-blame-debug-report.txt
1<?xml version="1.0" encoding="utf-8"?>
2<manifest xmlns:android="http://schemas.android.com/apk/res/android"
3    package="com.usertracker"
4    android:versionCode="1"
5    android:versionName="1.0" >
6
7    <uses-sdk
8        android:minSdkVersion="19"
8-->src/main/AndroidManifest.xml
9        android:targetSdkVersion="19" />
9-->src/main/AndroidManifest.xml
10
11    <!--
12         The ACCESS_COARSE/FINE_LOCATION permissions are not required to use
13         Google Maps Android API v2, but you must specify either coarse or fine
14         location permissions for the 'MyLocation' functionality. 
15    -->
16    <uses-permission android:name="com.androidtutorialpoint.mymapsappsdirection.permission.MAPS_RECEIVE" />
16-->src/main/AndroidManifest.xml:10:5-107
16-->src/main/AndroidManifest.xml:10:22-105
17    <uses-permission android:name="android.permission.INTERNET" />
17-->src/main/AndroidManifest.xml:11:5-66
17-->src/main/AndroidManifest.xml:11:22-64
18    <uses-permission android:name="android.permission.WRITE_EXTERNAL_STORAGE" />
18-->src/main/AndroidManifest.xml:12:5-80
18-->src/main/AndroidManifest.xml:12:22-78
19    <uses-permission android:name="com.google.android.providers.gsf.permission.READ_GSERVICES" />
19-->src/main/AndroidManifest.xml:13:5-97
19-->src/main/AndroidManifest.xml:13:22-95
20    <uses-permission android:name="android.permission.ACCESS_COARSE_LOCATION" />
20-->src/main/AndroidManifest.xml:14:5-80
20-->src/main/AndroidManifest.xml:14:22-78
21    <uses-permission android:name="android.permission.ACCESS_FINE_LOCATION" />
21-->src/main/AndroidManifest.xml:15:5-78
21-->src/main/AndroidManifest.xml:15:22-76
22    <uses-permission android:name="android.permission.READ_CONTACTS" />
22-->src/main/AndroidManifest.xml:16:5-71
22-->src/main/AndroidManifest.xml:16:22-69
23    <uses-permission android:name="android.permission.VIBRATE" />
23-->src/main/AndroidManifest.xml:17:5-65
23-->src/main/AndroidManifest.xml:17:22-63
24    <uses-permission android:name="android.permission.ACCESS_NOTIFICATION_POLICY" />
24-->src/main/AndroidManifest.xml:18:5-85
24-->src/main/AndroidManifest.xml:18:22-82
25    <uses-permission android:name="android.permission.SEND_SMS" />
25-->src/main/AndroidManifest.xml:20:5-67
25-->src/main/AndroidManifest.xml:20:22-64
26    <uses-permission android:name="android.permission.RECEIVE_SMS" />
26-->src/main/AndroidManifest.xml:21:5-70
26-->src/main/AndroidManifest.xml:21:22-67
27    <uses-permission android:name="android.permission.READ_SMS" />
27-->src/main/AndroidManifest.xml:22:5-67
27-->src/main/AndroidManifest.xml:22:22-64
28
29    <!-- Include required permissions for Google Maps API to run. -->
30    <uses-permission android:name="android.permission.ACCESS_NETWORK_STATE" />
30-->[com.google.android.gms:play-services-maps:10.2.0] AndroidManifest.xml:19:5-78
30-->[com.google.android.gms:play-services-maps:10.2.0] AndroidManifest.xml:19:22-76
31
32    <uses-feature
32-->[com.google.android.gms:play-services-maps:10.2.0] AndroidManifest.xml:21:5-77
33        android:glEsVersion="0x00020000"
33-->[com.google.android.gms:play-services-maps:10.2.0] AndroidManifest.xml:21:19-51
34        android:required="true" />
34-->[com.google.android.gms:play-services-maps:10.2.0] AndroidManifest.xml:21:52-75
35
36    <meta-data
36-->[com.android.support:design:25.3.1] AndroidManifest.xml:25:5-27:34
37        android:name="android.support.VERSION"
37-->[com.android.support:design:25.3.1] AndroidManifest.xml:26:9-47
38        android:value="25.3.1" />
38-->[com.android.support:design:25.3.1] AndroidManifest.xml:27:9-31
39
40    <uses-permission android:name="android.permission.WAKE_LOCK" />
40-->[com.google.firebase:firebase-analytics:10.2.0] AndroidManifest.xml:22:5-67
40-->[com.google.firebase:firebase-analytics:10.2.0] AndroidManifest.xml:22:22-65
41    <uses-permission android:name="com.google.android.c2dm.permission.RECEIVE" />
41-->[com.google.firebase:firebase-iid:10.2.0] AndroidManifest.xml:22:5-81
41-->[com.google.firebase:firebase-iid:10.2.0] AndroidManifest.xml:22:22-79
42
43    <permission
43-->[com.google.firebase:firebase-iid:10.2.0] AndroidManifest.xml:24:5-109
44        android:name="com.usertracker.permission.C2D_MESSAGE"
44-->[com.google.firebase:firebase-iid:10.2.0] AndroidManifest.xml:24:17-71
45        android:protectionLevel="signature" />
45-->[com.google.firebase:firebase-iid:10.2.0] AndroidManifest.xml:24:72-107
46
47    <uses-permission android:name="com.usertracker.permission.C2D_MESSAGE" />
47-->[com.google.firebase:firebase-iid:10.2.0] AndroidManifest.xml:26:5-78
47-->[com.google.firebase:firebase-iid:10.2.0] AndroidManifest.xml:26:22-76
48
49    <application
49-->src/main/AndroidManifest.xml:24:5-78:19
50        android:allowBackup="true"
50-->src/main/AndroidManifest.xml:25:9-35
51        android:debuggable="true"
52        android:icon="@mipmap/ic_launcher"
52-->src/main/AndroidManifest.xml:26:9-43
53        android:label="@string/app_name"
53-->src/main/AndroidManifest.xml:27:9-41
54        android:roundIcon="@mipmap/ic_launcher_round"
54-->src/main/AndroidManifest.xml:28:9-54
55        android:supportsRtl="true"
55-->src/main/AndroidManifest.xml:29:9-35
56        android:theme="@style/AppTheme" >
56-->src/main/AndroidManifest.xml:30:9-40
57        <activity android:name="com.usertracker.MainActivity" >
57-->src/main/AndroidManifest.xml:31:9-37:20
57-->src/main/AndroidManifest.xml:31:19-62
58
59            <!--
60            <intent-filter>
61                <action android:name="android.intent.action.MAIN"/>
62
63                <category android:name="android.intent.category.LAUNCHER"/>
64            </intent-filter>
65            -->
66        </activity>
67        <activity
67-->src/main/AndroidManifest.xml:39:9-43:20
68            android:name="com.usertracker.MapsActivity"
68-->src/main/AndroidManifest.xml:40:13-56
69            android:label="@string/title_activity_maps"
69-->src/main/AndroidManifest.xml:42:13-56
70            android:screenOrientation="portrait" >
70-->src/main/AndroidManifest.xml:41:13-49
71        </activity>
72
73        <service android:name="com.usertracker.fcm.FcmIntentService" >
73-->src/main/AndroidManifest.xml:45:9-49:19
73-->src/main/AndroidManifest.xml:45:18-69
74            <intent-filter>
74-->src/main/AndroidManifest.xml:46:13-48:29
75                <action android:name="com.google.firebase.MESSAGING_EVENT" />
75-->src/main/AndroidManifest.xml:47:17-77
75-->src/main/AndroidManifest.xml:47:25-75
76            </intent-filter>
77        </service>
78        <service android:name="com.usertracker.fcm.FirebaseInstanceIDService" >
78-->src/main/AndroidManifest.xml:50:9-54:19
78-->src/main/AndroidManifest.xml:50:18-78
79            <intent-filter>
79-->src/main/AndroidManifest.xml:51:13-53:29
80                <action android:name="com.google.firebase.INSTANCE_ID_EVENT" />
80-->src/main/AndroidManifest.xml:52:17-79
80-->src/main/AndroidManifest.xml:52:25-77
81            </intent-filter>
82        </service>
83
84        <activity
84-->src/main/AndroidManifest.xml:56:9-66:20
85            android:name="com.usertracker.UserTrackerActivity"
85-->src/main/AndroidManifest.xml:57:13-63
86            android:label="@string/title_activity_user_tracker"
86-->src/main/AndroidManifest.xml:58:13-64
87            android:screenOrientation="portrait"
87-->src/main/AndroidManifest.xml:59:13-49
88            android:theme="@style/AppTheme.NoActionBar" >
88-->src/main/AndroidManifest.xml:60:13-56
89            <intent-filter>
89-->src/main/AndroidManifest.xml:61:13-65:29
90                <action android:name="android.intent.action.MAIN" />
90-->src/main/AndroidManifest.xml:62:17-68
90-->src/main/AndroidManifest.xml:62:25-66
91
92                <category android:name="android.intent.category.LAUNCHER" />
92-->src/main/AndroidManifest.xml:64:17-76
92-->src/main/AndroidManifest.xml:64:27-74
93            </intent-filter>
94        </activity>
95
96        <meta-data
96-->src/main/AndroidManifest.xml:68:9-70:68
97            android:name="com.google.android.gms.version"
97-->src/main/AndroidManifest.xml:69:13-58
98            android:value="@integer/google_play_services_version" />
98-->src/main/AndroidManifest.xml:70:13-66
99        <meta-data
99-->src/main/AndroidManifest.xml:72:9-74:54
100            android:name="com.google.android.geo.API_KEY"
100-->src/main/AndroidManifest.xml:73:13-58
101            android:value="@string/google_maps_key" />
101-->src/main/AndroidManifest.xml:74:13-52
102
103        <service android:name="com.usertracker.service.LocationTracker" />
103-->src/main/AndroidManifest.xml:76:9-74
103-->src/main/AndroidManifest.xml:76:18-72
104
105        <!--
106         FirebaseMessagingService performs security checks at runtime,
107             no need for explicit permissions despite exported="true"
108        -->
109        <service
109-->[com.google.firebase:firebase-messaging:10.2.0] AndroidManifest.xml:23:9-27:19
110            android:name="com.google.firebase.messaging.FirebaseMessagingService"
110-->[com.google.firebase:firebase-messaging:10.2.0] AndroidManifest.xml:23:18-87
111            android:exported="true" >
111-->[com.google.firebase:firebase-messaging:10.2.0] AndroidManifest.xml:23:88-111
112            <intent-filter android:priority="-500" >
112-->src/main/AndroidManifest.xml:46:13-48:29
113                <action android:name="com.google.firebase.MESSAGING_EVENT" />
113-->src/main/AndroidManifest.xml:47:17-77
113-->src/main/AndroidManifest.xml:47:25-75
114            </intent-filter>
115        </service>
116
117        <activity
117-->[com.google.android.gms:play-services-base:10.2.0] AndroidManifest.xml:19:9-172
118            android:name="com.google.android.gms.common.api.GoogleApiActivity"
118-->[com.google.android.gms:play-services-base:10.2.0] AndroidManifest.xml:19:19-85
119            android:exported="false"
119-->[com.google.android.gms:play-services-base:10.2.0] AndroidManifest.xml:19:146-170
120            android:theme="@android:style/Theme.Translucent.NoTitleBar" />
120-->[com.google.android.gms:play-services-base:10.2.0] AndroidManifest.xml:19:86-145
121
122        <receiver
122-->[com.google.firebase:firebase-analytics:10.2.0] AndroidManifest.xml:25:7-26:18
123            android:name="com.google.android.gms.measurement.AppMeasurementReceiver"
123-->[com.google.firebase:firebase-analytics:10.2.0] AndroidManifest.xml:25:17-89
124            android:enabled="true"
124-->[com.google.firebase:firebase-analytics:10.2.0] AndroidManifest.xml:25:90-112
125            android:exported="false" >
125-->[com.google.firebase:firebase-analytics:10.2.0] AndroidManifest.xml:25:113-137
126        </receiver>
127        <receiver
127-->[com.google.firebase:firebase-analytics:10.2.0] AndroidManifest.xml:27:7-31:18
128            android:name="com.google.android.gms.measurement.AppMeasurementInstallReferrerReceiver"
128-->[com.google.firebase:firebase-analytics:10.2.0] AndroidManifest.xml:27:17-104
129            android:enabled="true"
129-->[com.google.firebase:firebase-analytics:10.2.0] AndroidManifest.xml:27:162-184
130            android:permission="android.permission.INSTALL_PACKAGES" >
130-->[com.google.firebase:firebase-analytics:10.2.0] AndroidManifest.xml:27:105-161
131            <intent-filter>
131-->[com.google.firebase:firebase-analytics:10.2.0] AndroidManifest.xml:28:11-30:27
132                <action android:name="com.android.vending.INSTALL_REFERRER" />
132-->[com.google.firebase:firebase-analytics:10.2.0] AndroidManifest.xml:29:15-76
132-->[com.google.firebase:firebase-analytics:10.2.0] AndroidManifest.xml:29:23-74
133            </intent-filter>
134        </receiver>
135
136        <service
136-->[com.google.firebase:firebase-analytics:10.2.0] AndroidManifest.xml:32:7-137
137            android:name="com.google.android.gms.measurement.AppMeasurementService"
137-->[com.google.firebase:firebase-analytics:10.2.0] AndroidManifest.xml:32:16-87
138            android:enabled="true"
138-->[com.google.firebase:firebase-analytics:10.2.0] AndroidManifest.xml:32:88-110
139            android:exported="false" />
139-->[com.google.firebase:firebase-analytics:10.2.0] AndroidManifest.xml:32:111-135
140
141        <receiver
141-->[com.google.firebase:firebase-iid:10.2.0] AndroidManifest.xml:30:9-36:20
142            android:name="com.google.firebase.iid.FirebaseInstanceIdReceiver"
142-->[com.google.firebase:firebase-iid:10.2.0] AndroidManifest.xml:30:19-84
143            android:exported="true"
143-->[com.google.firebase:firebase-iid:10.2.0] AndroidManifest.xml:30:85-108
144            android:permission="com.google.android.c2dm.permission.SEND" >
144-->[com.google.firebase:firebase-iid:10.2.0] AndroidManifest.xml:30:109-169
145            <intent-filter>
145-->[com.google.firebase:firebase-iid:10.2.0] AndroidManifest.xml:31:13-35:29
146                <action android:name="com.google.android.c2dm.intent.RECEIVE" />
146-->[com.google.firebase:firebase-iid:10.2.0] AndroidManifest.xml:32:17-80
146-->[com.google.firebase:firebase-iid:10.2.0] AndroidManifest.xml:32:25-78
147                <action android:name="com.google.android.c2dm.intent.REGISTRATION" />
147-->[com.google.firebase:firebase-iid:10.2.0] AndroidManifest.xml:33:17-85
147-->[com.google.firebase:firebase-iid:10.2.0] AndroidManifest.xml:33:25-83
148
149                <category android:name="com.usertracker" />
149-->[com.google.firebase:firebase-iid:10.2.0] AndroidManifest.xml:34:17-60
149-->[com.google.firebase:firebase-iid:10.2.0] AndroidManifest.xml:34:27-58
150            </intent-filter>
151        </receiver>
152        <!--
153 Internal (not exported) receiver used by the app to start its own exported services
154             without risk of being spoofed.
155        -->
156        <receiver
156-->[com.google.firebase:firebase-iid:10.2.0] AndroidManifest.xml:40:9-119
157            android:name="com.google.firebase.iid.FirebaseInstanceIdInternalReceiver"
157-->[com.google.firebase:firebase-iid:10.2.0] AndroidManifest.xml:40:19-92
158            android:exported="false" />
158-->[com.google.firebase:firebase-iid:10.2.0] AndroidManifest.xml:40:93-117
159        <!--
160 FirebaseInstanceIdService performs security checks at runtime,
161             no need for explicit permissions despite exported="true"
162        -->
163        <service
163-->[com.google.firebase:firebase-iid:10.2.0] AndroidManifest.xml:44:9-48:19
164            android:name="com.google.firebase.iid.FirebaseInstanceIdService"
164-->[com.google.firebase:firebase-iid:10.2.0] AndroidManifest.xml:44:18-82
165            android:exported="true" >
165-->[com.google.firebase:firebase-iid:10.2.0] AndroidManifest.xml:44:83-106
166            <intent-filter android:priority="-500" >
166-->src/main/AndroidManifest.xml:51:13-53:29
167                <action android:name="com.google.firebase.INSTANCE_ID_EVENT" />
167-->src/main/AndroidManifest.xml:52:17-79
167-->src/main/AndroidManifest.xml:52:25-77
168            </intent-filter>
169        </service>
170
171        <provider
171-->[com.google.firebase:firebase-common:10.2.0] AndroidManifest.xml:6:9-194
172            android:name="com.google.firebase.provider.FirebaseInitProvider"
172-->[com.google.firebase:firebase-common:10.2.0] AndroidManifest.xml:6:79-143
173            android:authorities="com.usertracker.firebaseinitprovider"
173-->[com.google.firebase:firebase-common:10.2.0] AndroidManifest.xml:6:19-78
174            android:exported="false"
174-->[com.google.firebase:firebase-common:10.2.0] AndroidManifest.xml:6:144-168
175            android:initOrder="100" />
175-->[com.google.firebase:firebase-common:10.2.0] AndroidManifest.xml:6:169-192
176    </application>
177
178</manifest>